<?xml version="1.0" encoding="UTF-8"?>
<testng-results ignored="0" total="1" passed="0" failed="1" skipped="0">
  <reporter-output>
  </reporter-output>
  <suite started-at="2025-06-18T12:12:09 IST" name="Default suite" finished-at="2025-06-18T12:13:23 IST" duration-ms="74343">
    <groups>
    </groups>
    <test started-at="2025-06-18T12:12:09 IST" name="Default test" finished-at="2025-06-18T12:13:23 IST" duration-ms="74343">
      <class name="com.eox.functional.internal.project.QMS.tests.CreateNewPolicy">
        <test-method is-config="true" signature="initialization()[pri:0, instance:com.eox.functional.internal.project.QMS.tests.CreateNewPolicy@5b12b668]" started-at="2025-06-18T12:11:45 IST" name="initialization" finished-at="2025-06-18T12:12:09 IST" duration-ms="23089" status="PASS">
          <reporter-output>
          </reporter-output>
        </test-method> <!-- initialization -->
        <test-method is-config="true" signature="launchTheApplication()[pri:0, instance:com.eox.functional.internal.project.QMS.tests.CreateNewPolicy@5b12b668]" started-at="2025-06-18T12:12:09 IST" name="launchTheApplication" finished-at="2025-06-18T12:12:09 IST" duration-ms="696" status="PASS">
          <reporter-output>
          </reporter-output>
        </test-method> <!-- launchTheApplication -->
        <test-method signature="createNewPolicy()[pri:0, instance:com.eox.functional.internal.project.QMS.tests.CreateNewPolicy@5b12b668]" started-at="2025-06-18T12:12:09 IST" name="createNewPolicy" finished-at="2025-06-18T12:13:23 IST" duration-ms="73614" status="FAIL">
          <exception class="org.openqa.selenium.TimeoutException">
            <message>
              <![CDATA[Expected condition failed: waiting for element to be clickable: [[ChromeDriver: chrome on windows (b9a30a495ef954ec31cb9fbe5a40f583)] -> xpath: //*[contains(text(),'Department')]/..//*[text()='HR']/..] (tried for 20 second(s) with 500 milliseconds interval)
Build info: version: '4.28.1', revision: '73f5ad48a2'
System info: os.name: 'Windows 11', os.arch: 'amd64', os.version: '10.0', java.version: '21.0.6'
Driver info: org.openqa.selenium.chrome.ChromeDriver
Capabilities {acceptInsecureCerts: false, browserName: chrome, browserVersion: 137.0.7151.119, chrome: {chromedriverVersion: 137.0.7151.119 (e0ac9d12dff..., userDataDir: C:\Users\harshakr\AppData\L...}, fedcm:accounts: true, goog:chromeOptions: {debuggerAddress: localhost:52951}, networkConnectionEnabled: false, pageLoadStrategy: normal, platformName: windows, proxy: Proxy(), se:cdp: ws://localhost:52951/devtoo..., se:cdpVersion: 137.0.7151.119, setWindowRect: true, strictFileInteractability: false, timeouts: {implicit: 0, pageLoad: 300000, script: 30000}, unhandledPromptBehavior: dismiss and notify, webauthn:extension:credBlob: true, webauthn:extension:largeBlob: true, webauthn:extension:minPinLength: true, webauthn:extension:prf: true, webauthn:virtualAuthenticators: true}
Session ID: b9a30a495ef954ec31cb9fbe5a40f583]]>
            </message>
            <full-stacktrace>
              <![CDATA[org.openqa.selenium.TimeoutException: Expected condition failed: waiting for element to be clickable: [[ChromeDriver: chrome on windows (b9a30a495ef954ec31cb9fbe5a40f583)] -> xpath: //*[contains(text(),'Department')]/..//*[text()='HR']/..] (tried for 20 second(s) with 500 milliseconds interval)
Build info: version: '4.28.1', revision: '73f5ad48a2'
System info: os.name: 'Windows 11', os.arch: 'amd64', os.version: '10.0', java.version: '21.0.6'
Driver info: org.openqa.selenium.chrome.ChromeDriver
Capabilities {acceptInsecureCerts: false, browserName: chrome, browserVersion: 137.0.7151.119, chrome: {chromedriverVersion: 137.0.7151.119 (e0ac9d12dff..., userDataDir: C:\Users\harshakr\AppData\L...}, fedcm:accounts: true, goog:chromeOptions: {debuggerAddress: localhost:52951}, networkConnectionEnabled: false, pageLoadStrategy: normal, platformName: windows, proxy: Proxy(), se:cdp: ws://localhost:52951/devtoo..., se:cdpVersion: 137.0.7151.119, setWindowRect: true, strictFileInteractability: false, timeouts: {implicit: 0, pageLoad: 300000, script: 30000}, unhandledPromptBehavior: dismiss and notify, webauthn:extension:credBlob: true, webauthn:extension:largeBlob: true, webauthn:extension:minPinLength: true, webauthn:extension:prf: true, webauthn:virtualAuthenticators: true}
Session ID: b9a30a495ef954ec31cb9fbe5a40f583
at org.openqa.selenium.support.ui.WebDriverWait.timeoutException(WebDriverWait.java:84)
at org.openqa.selenium.support.ui.FluentWait.until(FluentWait.java:228)
at com.eox.utils.CommonFunctionUtils.elementClick(CommonFunctionUtils.java:24)
at com.eox.utils.CommonFunctionUtils.selectItemFromDropdown(CommonFunctionUtils.java:137)
at com.eox.functional.internal.project.QMS.pages.Policies.CreatePolicyPage.selectPolicyDepartment(CreatePolicyPage.java:98)
at com.eox.functional.internal.project.QMS.pages.Policies.CreatePolicyPage.createNewPolicy(CreatePolicyPage.java:37)
at com.eox.functional.internal.project.QMS.tests.CreateNewPolicy.createNewPolicy(CreateNewPolicy.java:20)
at java.base/jdk.internal.reflect.DirectMethodHandleAccessor.invoke(DirectMethodHandleAccessor.java:103)
at java.base/java.lang.reflect.Method.invoke(Method.java:580)
at org.testng.internal.invokers.MethodInvocationHelper.invokeMethod(MethodInvocationHelper.java:141)
at org.testng.internal.invokers.TestInvoker.invokeMethod(TestInvoker.java:686)
at org.testng.internal.invokers.TestInvoker.invokeTestMethod(TestInvoker.java:230)
at org.testng.internal.invokers.MethodRunner.runInSequence(MethodRunner.java:63)
at org.testng.internal.invokers.TestInvoker$MethodInvocationAgent.invoke(TestInvoker.java:992)
at org.testng.internal.invokers.TestInvoker.invokeTestMethods(TestInvoker.java:203)
at org.testng.internal.invokers.TestMethodWorker.invokeTestMethods(TestMethodWorker.java:154)
at org.testng.internal.invokers.TestMethodWorker.run(TestMethodWorker.java:134)
at java.base/java.util.ArrayList.forEach(ArrayList.java:1596)
at org.testng.TestRunner.privateRun(TestRunner.java:739)
at org.testng.TestRunner.run(TestRunner.java:614)
at org.testng.SuiteRunner.runTest(SuiteRunner.java:421)
at org.testng.SuiteRunner.runSequentially(SuiteRunner.java:413)
at org.testng.SuiteRunner.privateRun(SuiteRunner.java:373)
at org.testng.SuiteRunner.run(SuiteRunner.java:312)
at org.testng.SuiteRunnerWorker.runSuite(SuiteRunnerWorker.java:52)
at org.testng.SuiteRunnerWorker.run(SuiteRunnerWorker.java:95)
at org.testng.TestNG.runSuitesSequentially(TestNG.java:1274)
at org.testng.TestNG.runSuitesLocally(TestNG.java:1208)
at org.testng.TestNG.runSuites(TestNG.java:1112)
at org.testng.TestNG.run(TestNG.java:1079)
at org.testng.remote.AbstractRemoteTestNG.run(AbstractRemoteTestNG.java:115)
at org.testng.remote.RemoteTestNG.initAndRun(RemoteTestNG.java:293)
at org.testng.remote.RemoteTestNG.main(RemoteTestNG.java:91)
]]>
            </full-stacktrace>
          </exception> <!-- org.openqa.selenium.TimeoutException -->
          <reporter-output>
          </reporter-output>
        </test-method> <!-- createNewPolicy -->
        <test-method is-config="true" signature="tearDown()[pri:0, instance:com.eox.functional.internal.project.QMS.tests.CreateNewPolicy@5b12b668]" started-at="2025-06-18T12:13:23 IST" name="tearDown" finished-at="2025-06-18T12:13:23 IST" duration-ms="352" status="PASS">
          <reporter-output>
          </reporter-output>
        </test-method> <!-- tearDown -->
      </class> <!-- com.eox.functional.internal.project.QMS.tests.CreateNewPolicy -->
    </test> <!-- Default test -->
  </suite> <!-- Default suite -->
</testng-results>
