<?xml version="1.0" encoding="UTF-8"?>
<testng-results ignored="0" total="1" passed="1" failed="0" skipped="0">
  <reporter-output>
  </reporter-output>
  <suite started-at="2025-05-12T20:12:09 IST" name="Default suite" finished-at="2025-05-12T20:12:43 IST" duration-ms="34343">
    <groups>
    </groups>
    <test started-at="2025-05-12T20:12:09 IST" name="Default test" finished-at="2025-05-12T20:12:43 IST" duration-ms="34343">
      <class name="com.eox.functional.internal.project.Hrms.tests.Test02">
        <test-method is-config="true" signature="initialization()[pri:0, instance:com.eox.functional.internal.project.Hrms.tests.Test02@26794848]" started-at="2025-05-12T20:11:47 IST" name="initialization" finished-at="2025-05-12T20:12:09 IST" duration-ms="22364" status="PASS">
          <reporter-output>
          </reporter-output>
        </test-method> <!-- initialization -->
        <test-method is-config="true" signature="launchTheApplication()[pri:0, instance:com.eox.functional.internal.project.Hrms.tests.Test02@26794848]" started-at="2025-05-12T20:12:09 IST" name="launchTheApplication" finished-at="2025-05-12T20:12:10 IST" duration-ms="826" status="PASS">
          <reporter-output>
          </reporter-output>
        </test-method> <!-- launchTheApplication -->
        <test-method signature="testMe()[pri:0, instance:com.eox.functional.internal.project.Hrms.tests.Test02@26794848]" started-at="2025-05-12T20:12:10 IST" name="testMe" finished-at="2025-05-12T20:12:43 IST" duration-ms="33463" status="PASS">
          <reporter-output>
          </reporter-output>
        </test-method> <!-- testMe -->
        <test-method is-config="true" signature="tearDown()[pri:0, instance:com.eox.functional.internal.project.Hrms.tests.Test02@26794848]" started-at="2025-05-12T20:12:43 IST" name="tearDown" finished-at="2025-05-12T20:12:44 IST" duration-ms="424" status="PASS">
          <reporter-output>
          </reporter-output>
        </test-method> <!-- tearDown -->
      </class> <!-- com.eox.functional.internal.project.Hrms.tests.Test02 -->
    </test> <!-- Default test -->
  </suite> <!-- Default suite -->
</testng-results>
